<?xml version="1.0" encoding="UTF-8"?>
<!-- Generated by org.testng.reporters.JUnitReportReporter -->
<testsuite skipped="0" hostname="Srikanths-MacBook-Pro.local" name="com.parameters.ParametersTest" tests="6" failures="0" timestamp="09 Dec 2018 21:50:05 GMT" time="8.443" errors="0">
  <testcase name="launchBrowser" time="4.573" classname="com.parameters.ParametersTest"/>
  <testcase name="launchurl" time="3.318" classname="com.parameters.ParametersTest"/>
  <testcase name="username" time="0.047" classname="com.parameters.ParametersTest"/>
  <testcase name="password" time="0.030" classname="com.parameters.ParametersTest"/>
  <testcase name="submitButton" time="0.462" classname="com.parameters.ParametersTest"/>
  <testcase name="checkTitle" time="0.013" classname="com.parameters.ParametersTest"/>
</testsuite> <!-- com.parameters.ParametersTest -->
