<?xml version="1.0" encoding="UTF-8"?>
<!-- Generated by org.testng.reporters.JUnitReportReporter -->
<testsuite skipped="0" hostname="Srikanths-MacBook-Pro.local" name="com.test.GoogleTest" tests="6" failures="0" timestamp="02 Dec 2018 18:10:53 GMT" time="16.086" errors="0">
  <testcase name="getTitle" time="2.673" classname="com.test.GoogleTest"/>
  <testcase name="checkLogo" time="2.738" classname="com.test.GoogleTest"/>
  <testcase name="checkMailLink" time="2.310" classname="com.test.GoogleTest"/>
  <testcase name="test4" time="2.214" classname="com.test.GoogleTest"/>
  <testcase name="test5" time="3.274" classname="com.test.GoogleTest"/>
  <testcase name="test6" time="2.877" classname="com.test.GoogleTest"/>
</testsuite> <!-- com.test.GoogleTest -->
