<?xml version="1.0" encoding="UTF-8"?>
<!-- Generated by org.testng.reporters.JUnitReportReporter -->
<testsuite skipped="0" hostname="Srikanths-MacBook-Pro.local" name="com.test.TestNgBasics" tests="2" failures="0" timestamp="03 Dec 2018 13:01:31 GMT" time="0.031" errors="0">
  <testcase name="search" time="0.007" classname="com.test.TestNgBasics"/>
  <testcase name="googleTitleTest" time="0.024" classname="com.test.TestNgBasics"/>
</testsuite> <!-- com.test.TestNgBasics -->
