<?xml version="1.0" encoding="UTF-8"?>
<!-- Generated by org.testng.reporters.JUnitReportReporter -->
<testsuite skipped="0" hostname="Srikanths-MacBook-Pro.local" name="com.test.ExceptionTimeOutTest" tests="1" failures="0" timestamp="03 Dec 2018 13:01:36 GMT" time="0.004" errors="0">
  <testcase name="test1" time="0.004" classname="com.test.ExceptionTimeOutTest"/>
</testsuite> <!-- com.test.ExceptionTimeOutTest -->
