<?xml version="1.0" encoding="UTF-8"?>
<!-- Generated by org.testng.reporters.JUnitReportReporter -->
<testsuite skipped="0" hostname="Srikanths-MacBook-Pro.local" name="com.test.AssertsInTestNG" tests="2" failures="0" timestamp="03 Dec 2018 12:20:29 GMT" time="0.055" errors="0">
  <testcase name="title" time="0.015" classname="com.test.AssertsInTestNG"/>
  <testcase name="logo" time="0.040" classname="com.test.AssertsInTestNG"/>
</testsuite> <!-- com.test.AssertsInTestNG -->
